#
# A fatal error has been detected by the Java Runtime Environment:
#
#  SIGILL (0x4) at pc=0x00007fff8c5e702f, pid=9907, tid=2571
#
# JRE version: Java(TM) SE Runtime Environment (8.0_91-b14) (build 1.8.0_91-b14)
# Java VM: Java HotSpot(TM) 64-Bit Server VM (25.91-b14 mixed mode bsd-amd64 compressed oops)
# Problematic frame:
# C  [libobjc.A.dylib+0x1302f]  _ZL10_objc_trapv+0x4
#
# Failed to write core dump. Core dumps have been disabled. To enable core dumping, try "ulimit -c unlimited" before starting Java again
#
# If you would like to submit a bug report, please visit:
#   http://bugreport.java.com/bugreport/crash.jsp
# The crash happened outside the Java Virtual Machine in native code.
# See problematic frame for where to report the bug.
#

---------------  T H R E A D  ---------------

Current thread (0x00007fb1d98d0800):  JavaThread "AppKit Thread" daemon [_thread_in_native, id=2571, stack(0x00007fff5a489000,0x00007fff5ac89000)]

siginfo: si_signo: 4 (SIGILL), si_code: 1 (ILL_ILLOPC), si_addr: 0x00007fff8c5e702f

Registers:
RAX=0x0000000000000000, RBX=0x00007fb1d8e85e10, RCX=0x0000000000000000, RDX=0x00007fff734eab30
RSP=0x00007fff5ac83c40, RBP=0x00007fff5ac83c40, RSI=0x0000010000000100, RDI=0x00007fff734eab10
R8 =0x00000000fffffffc, R9 =0x00007fff734eab28, R10=0x00000000ffffffff, R11=0x0000000000021b90
R12=0x0000000000000001, R13=0x0000000000000000, R14=0x00007fff734ef428, R15=0x00007fb1d8e4cb30
RIP=0x00007fff8c5e702f, EFLAGS=0x0000000000010206, ERR=0x0000000000000000
  TRAPNO=0x0000000000000006

Top of Stack: (sp=0x00007fff5ac83c40)
0x00007fff5ac83c40:   00007fff5ac83d30 00007fff8c5e717f
0x00007fff5ac83c50:   00007fb1d8f14040 00007fb1d8e85e10
0x00007fff5ac83c60:   00007fff8de9bd9c 00007fff8de9bd9c
0x00007fff5ac83c70:   000000000000005f 00007fb1d8e85e10
0x00007fff5ac83c80:   00007fff5ac83cb0 00007fff8c5dbe63
0x00007fff5ac83c90:   00007fff5ac83cf0 00007fff8c5de8cd
0x00007fff5ac83ca0:   00007fff734ef410 0000000000000001
0x00007fff5ac83cb0:   00007fff5ac83d10 00007fb1d8e4cb30
0x00007fff5ac83cc0:   00007fff5ac83cf0 00007fff8de9bd9c
0x00007fff5ac83cd0:   00007fff8de9bd9c 0000000000000000
0x00007fff5ac83ce0:   00007fff73922a38 00007fb1d8e4cb30
0x00007fff5ac83cf0:   00007fff5ac83d30 00007fff8c5de838
0x00007fff5ac83d00:   00007fb1d8f26cc0 00007fb1d8f270c0
0x00007fff5ac83d10:   0000003000000018 00007fff5ac83d40
0x00007fff5ac83d20:   00007fff5ac83c50 00007fb1d8e4cb30
0x00007fff5ac83d30:   00007fff5ac83d90 00007fff8c5df61e
0x00007fff5ac83d40:   00007fff734eed00 00007fff734efb00
0x00007fff5ac83d50:   00007fff5ac83dd0 00007fff8c5df431
0x00007fff5ac83d60:   00007fff5ac83d80 00007fff734eed00
0x00007fff5ac83d70:   00007fb1d8e4cb30 0000000000000000
0x00007fff5ac83d80:   00007fff734ef400 0000000000000000
0x00007fff5ac83d90:   00007fff5ac83e10 00007fff8c5df3a9
0x00007fff5ac83da0:   ffff804e271b0990 00007fb1d8e85500
0x00007fff5ac83db0:   0000000000000700 0000000000000000
0x00007fff5ac83dc0:   0000000000000000 0000000000000000
0x00007fff5ac83dd0:   00007fb1d8e85e10 000000000000000e
0x00007fff5ac83de0:   000000000000000e 00007fb1d8e4f670
0x00007fff5ac83df0:   0000000000000000 00007fb1d8f227e0
0x00007fff5ac83e00:   00007fb1d8e85500 00007fb1d8e85e10
0x00007fff5ac83e10:   00007fff5ac83e50 00007fff83e66973
0x00007fff5ac83e20:   00007fb1d8e4f670 0000000000000000
0x00007fff5ac83e30:   00007fb1d8e85e10 00007fff8c5d54c0 

Instructions: (pc=0x00007fff8c5e702f)
0x00007fff8c5e700f:   00 00 bf 02 00 00 00 48 89 de 48 89 c2 e8 a1 bf
0x00007fff8c5e701f:   00 00 48 81 c4 98 00 00 00 5b 5d c3 55 48 89 e5
0x00007fff8c5e702f:   0f 0b 55 48 89 e5 48 81 ec d0 00 00 00 84 c0 74
0x00007fff8c5e703f:   2e c5 f8 29 85 60 ff ff ff c5 f8 29 8d 70 ff ff 

Register to memory mapping:

RAX=0x0000000000000000 is an unknown value
RBX=0x00007fb1d8e85e10 is an unknown value
RCX=0x0000000000000000 is an unknown value
RDX=0x00007fff734eab30: _ZZL14_objc_crashlogPKcE13crashlog_lock+0x20 in /usr/lib/libobjc.A.dylib at 0x00007fff8c5d4000
RSP=0x00007fff5ac83c40 is pointing into the stack for thread: 0x00007fb1d98d0800
RBP=0x00007fff5ac83c40 is pointing into the stack for thread: 0x00007fb1d98d0800
RSI=0x0000010000000100 is an unknown value
RDI=0x00007fff734eab10: _ZZL14_objc_crashlogPKcE13crashlog_lock+0 in /usr/lib/libobjc.A.dylib at 0x00007fff8c5d4000
R8 =0x00000000fffffffc is an unknown value
R9 =0x00007fff734eab28: _ZZL14_objc_crashlogPKcE13crashlog_lock+0x18 in /usr/lib/libobjc.A.dylib at 0x00007fff8c5d4000
R10=0x00000000ffffffff is an unknown value
R11=0x0000000000021b90 is an unknown value
R12=0x0000000000000001 is an unknown value
R13=0x0000000000000000 is an unknown value
R14=0x00007fff734ef428: _ZN12_GLOBAL__N_1L12SideTableBufE+0x728 in /usr/lib/libobjc.A.dylib at 0x00007fff8c5d4000
R15=0x00007fb1d8e4cb30 is an unknown value


Stack: [0x00007fff5a489000,0x00007fff5ac89000],  sp=0x00007fff5ac83c40,  free space=8171k
Native frames: (J=compiled Java code, j=interpreted, Vv=VM code, C=native code)
C  [libobjc.A.dylib+0x1302f]  _ZL10_objc_trapv+0x4
C  [libobjc.A.dylib+0x1317f]  _objc_inform+0x0
C  [libobjc.A.dylib+0xb61e]  weak_register_no_lock+0xde
C  [libobjc.A.dylib+0xb3a9]  objc_storeWeak+0x18b
C  [Foundation+0x19973]  -[NSConcreteMapTable setObject:forKey:]+0x6e
C  [AppKit+0x345f6a]  -[NSView(NSOpenGLContextAssociation) _setOpenGLContext:]+0xf2
C  [AppKit+0x6856dd]  __27-[NSOpenGLContext setView:]_block_invoke+0xd6
C  [AppKit+0x183325]  NSPerformVisuallyAtomicChange+0x93
C  [AppKit+0x345c0d]  -[NSOpenGLContext setView:]+0x77
C  [liblwjgl.jnilib+0x9f3e]  -[MacOSXOpenGLView lockFocus]+0x6e
C  [AppKit+0x1a8797]  -[NSView _recursiveDisplayRectIfNeededIgnoringOpacity:isVisibleRect:rectIsVisibleRectForView:topView:]+0x6e2
C  [AppKit+0x1a9785]  -[NSView _recursiveDisplayRectIfNeededIgnoringOpacity:isVisibleRect:rectIsVisibleRectForView:topView:]+0x16d0
C  [AppKit+0x1a7be0]  -[NSThemeFrame _recursiveDisplayRectIfNeededIgnoringOpacity:isVisibleRect:rectIsVisibleRectForView:topView:]+0x14e
C  [AppKit+0x1a5feb]  -[NSView _displayRectIgnoringOpacity:isVisibleRect:rectIsVisibleRectForView:]+0x991
C  [AppKit+0x1a13f5]  -[NSView displayIfNeeded]+0x79e
C  [AppKit+0x1a0c3c]  -[NSWindow displayIfNeeded]+0xe8
C  [AppKit+0x82541b]  ___NSWindowGetDisplayCycleObserver_block_invoke6365+0x1dc
C  [AppKit+0x1a05d6]  __37+[NSDisplayCycle currentDisplayCycle]_block_invoke+0x3ad
C  [QuartzCore+0x10f71]  _ZN2CA11Transaction19run_commit_handlersE18CATransactionPhase+0x55
C  [QuartzCore+0x1042c]  _ZN2CA7Context18commit_transactionEPNS_11TransactionE+0xa0
C  [QuartzCore+0x100ec]  _ZN2CA11Transaction6commitEv+0x1fc
C  [QuartzCore+0x1b977]  _ZN2CA11Transaction17observer_callbackEP19__CFRunLoopObservermPv+0x47
C  [CoreFoundation+0xaa067]  __CFRUNLOOP_IS_CALLING_OUT_TO_AN_OBSERVER_CALLBACK_FUNCTION__+0x17
C  [CoreFoundation+0xa9fd7]  __CFRunLoopDoObservers+0x187
C  [CoreFoundation+0x88ef8]  CFRunLoopRunSpecific+0x148
C  [HIToolbox+0x30935]  RunCurrentEventLoopInMode+0xeb
C  [HIToolbox+0x30677]  ReceiveNextEventCommon+0xb8
C  [HIToolbox+0x305af]  _BlockUntilNextEventMatchingListInModeWithFilter+0x47
C  [AppKit+0x48df6]  _DPSNextEvent+0x42b
C  [AppKit+0x48226]  -[NSApplication _nextEventMatchingEventMask:untilDate:inMode:dequeue:]+0x1c6
C  [libosxapp.dylib+0x23aa]  -[NSApplicationAWT nextEventMatchingMask:untilDate:inMode:dequeue:]+0x7c
C  [AppKit+0x3cd80]  -[NSApplication run]+0x2aa
C  [libosxapp.dylib+0x214d]  +[NSApplicationAWT runAWTLoopWithApp:]+0x9c
C  [libawt_lwawt.dylib+0x4455b]  -[AWTStarter starter:]+0x389
C  [Foundation+0x76fde]  __NSThreadPerformPerform+0x117
C  [CoreFoundation+0xaa881]  __CFRUNLOOP_IS_CALLING_OUT_TO_A_SOURCE0_PERFORM_FUNCTION__+0x11
C  [CoreFoundation+0x89fbc]  __CFRunLoopDoSources0+0x22c
C  [CoreFoundation+0x894df]  __CFRunLoopRun+0x39f
C  [CoreFoundation+0x88ed8]  CFRunLoopRunSpecific+0x128
C  [java+0x6463]  CreateExecutionEnvironment+0x367
C  [java+0x21ac]  JLI_Launch+0x7a0
C  [java+0x84c0]  main+0x65
C  [java+0x1a04]  start+0x34
C  0x0000000000000009


---------------  P R O C E S S  ---------------

Java Threads: ( => current thread )
  0x00007fb1da24e800 JavaThread "AWT-Shutdown" [_thread_blocked, id=37875, stack(0x0000700000fc7000,0x00007000010c7000)]
=>0x00007fb1d98d0800 JavaThread "AppKit Thread" daemon [_thread_in_native, id=2571, stack(0x00007fff5a489000,0x00007fff5ac89000)]
  0x00007fb1da864000 JavaThread "Service Thread" daemon [_thread_blocked, id=18435, stack(0x0000700000dc1000,0x0000700000ec1000)]
  0x00007fb1da048000 JavaThread "C1 CompilerThread2" daemon [_thread_blocked, id=17923, stack(0x0000700000cbe000,0x0000700000dbe000)]
  0x00007fb1da03d000 JavaThread "C2 CompilerThread1" daemon [_thread_blocked, id=17411, stack(0x0000700000bbb000,0x0000700000cbb000)]
  0x00007fb1da03b000 JavaThread "C2 CompilerThread0" daemon [_thread_blocked, id=16899, stack(0x0000700000ab8000,0x0000700000bb8000)]
  0x00007fb1da047000 JavaThread "Signal Dispatcher" daemon [_thread_blocked, id=14095, stack(0x00007000009b5000,0x0000700000ab5000)]
  0x00007fb1d900a800 JavaThread "Finalizer" daemon [_thread_blocked, id=12291, stack(0x000070000082f000,0x000070000092f000)]
  0x00007fb1d9820800 JavaThread "Reference Handler" daemon [_thread_blocked, id=11779, stack(0x000070000072c000,0x000070000082c000)]
  0x00007fb1d9804000 JavaThread "main" [_thread_in_native, id=5891, stack(0x000070000011a000,0x000070000021a000)]

Other Threads:
  0x00007fb1d981c000 VMThread [stack: 0x0000700000629000,0x0000700000729000] [id=11267]
  0x00007fb1da048800 WatcherThread [stack: 0x0000700000ec4000,0x0000700000fc4000] [id=18947]

VM state:not at safepoint (normal execution)

VM Mutex/Monitor currently owned by a thread: None

Heap:
 PSYoungGen      total 34304K, used 30430K [0x0000000795580000, 0x0000000797b80000, 0x00000007c0000000)
  eden space 32768K, 89% used [0x0000000795580000,0x0000000797217a20,0x0000000797580000)
  from space 1536K, 75% used [0x0000000797600000,0x0000000797720000,0x0000000797780000)
  to   space 2048K, 0% used [0x0000000797980000,0x0000000797980000,0x0000000797b80000)
 ParOldGen       total 87552K, used 40K [0x0000000740000000, 0x0000000745580000, 0x0000000795580000)
  object space 87552K, 0% used [0x0000000740000000,0x000000074000a000,0x0000000745580000)
 Metaspace       used 6916K, capacity 7043K, committed 7168K, reserved 1056768K
  class space    used 677K, capacity 760K, committed 768K, reserved 1048576K

Card table byte_map: [0x0000000115da8000,0x00000001161a9000] byte_map_base: 0x00000001123a8000

Marking Bits: (ParMarkBitMap*) 0x00000001062e6eb0
 Begin Bits: [0x0000000116454000, 0x0000000118454000)
 End Bits:   [0x0000000118454000, 0x000000011a454000)

Polling page: 0x00000001051f7000

CodeCache: size=245760Kb used=3180Kb max_used=3180Kb free=242579Kb
 bounds [0x00000001069e8000, 0x0000000106d08000, 0x00000001159e8000]
 total_blobs=1184 nmethods=781 adapters=317
 compilation: enabled

Compilation events (10 events):
Event: 5146.042 Thread 0x00007fb1da048000  778       3       sun.awt.AWTAutoShutdown::notifyToolkitThreadFree (8 bytes)
Event: 5146.043 Thread 0x00007fb1da048000 nmethod 778 0x0000000106d03010 code [0x0000000106d03180, 0x0000000106d03348]
Event: 5146.456 Thread 0x00007fb1da048000  779       3       java.nio.Buffer::nextPutIndex (38 bytes)
Event: 5146.456 Thread 0x00007fb1da048000 nmethod 779 0x0000000106d02b90 code [0x0000000106d02d00, 0x0000000106d02f28]
Event: 5146.473 Thread 0x00007fb1da048000  780       1       java.nio.HeapByteBuffer::_put (8 bytes)
Event: 5146.473 Thread 0x00007fb1da048000 nmethod 780 0x0000000106d02850 code [0x0000000106d029a0, 0x0000000106d02ad0]
Event: 5146.620 Thread 0x00007fb1da048000  781       3       java.lang.Object::wait (6 bytes)
Event: 5146.620 Thread 0x00007fb1da048000 nmethod 781 0x0000000106d02450 code [0x0000000106d025c0, 0x0000000106d027c8]
Event: 5147.180 Thread 0x00007fb1da048000  782  s    3       org.lwjgl.opengl.EventQueue::copyEvents (77 bytes)
Event: 5147.182 Thread 0x00007fb1da048000 nmethod 782 0x0000000106d014d0 code [0x0000000106d016a0, 0x0000000106d02178]

GC Heap History (10 events):
Event: 211.226 GC heap before
{Heap before GC invocations=1 (full 0):
 PSYoungGen      total 38400K, used 33280K [0x0000000795580000, 0x0000000798000000, 0x00000007c0000000)
  eden space 33280K, 100% used [0x0000000795580000,0x0000000797600000,0x0000000797600000)
  from space 5120K, 0% used [0x0000000797b00000,0x0000000797b00000,0x0000000798000000)
  to   space 5120K, 0% used [0x0000000797600000,0x0000000797600000,0x0000000797b00000)
 ParOldGen       total 87552K, used 0K [0x0000000740000000, 0x0000000745580000, 0x0000000795580000)
  object space 87552K, 0% used [0x0000000740000000,0x0000000740000000,0x0000000745580000)
 Metaspace       used 6899K, capacity 7043K, committed 7168K, reserved 1056768K
  class space    used 677K, capacity 760K, committed 768K, reserved 1048576K
Event: 211.238 GC heap after
Heap after GC invocations=1 (full 0):
 PSYoungGen      total 38400K, used 1956K [0x0000000795580000, 0x0000000798000000, 0x00000007c0000000)
  eden space 33280K, 0% used [0x0000000795580000,0x0000000795580000,0x0000000797600000)
  from space 5120K, 38% used [0x0000000797600000,0x00000007977e90d0,0x0000000797b00000)
  to   space 5120K, 0% used [0x0000000797b00000,0x0000000797b00000,0x0000000798000000)
 ParOldGen       total 87552K, used 24K [0x0000000740000000, 0x0000000745580000, 0x0000000795580000)
  object space 87552K, 0% used [0x0000000740000000,0x0000000740006000,0x0000000745580000)
 Metaspace       used 6899K, capacity 7043K, committed 7168K, reserved 1056768K
  class space    used 677K, capacity 760K, committed 768K, reserved 1048576K
}
Event: 1219.247 GC heap before
{Heap before GC invocations=2 (full 0):
 PSYoungGen      total 38400K, used 35236K [0x0000000795580000, 0x0000000798000000, 0x00000007c0000000)
  eden space 33280K, 100% used [0x0000000795580000,0x0000000797600000,0x0000000797600000)
  from space 5120K, 38% used [0x0000000797600000,0x00000007977e90d0,0x0000000797b00000)
  to   space 5120K, 0% used [0x0000000797b00000,0x0000000797b00000,0x0000000798000000)
 ParOldGen       total 87552K, used 24K [0x0000000740000000, 0x0000000745580000, 0x0000000795580000)
  object space 87552K, 0% used [0x0000000740000000,0x0000000740006000,0x0000000745580000)
 Metaspace       used 6914K, capacity 7043K, committed 7168K, reserved 1056768K
  class space    used 677K, capacity 760K, committed 768K, reserved 1048576K
Event: 1219.254 GC heap after
Heap after GC invocations=2 (full 0):
 PSYoungGen      total 38400K, used 1344K [0x0000000795580000, 0x0000000798000000, 0x00000007c0000000)
  eden space 33280K, 0% used [0x0000000795580000,0x0000000795580000,0x0000000797600000)
  from space 5120K, 26% used [0x0000000797b00000,0x0000000797c50020,0x0000000798000000)
  to   space 5120K, 0% used [0x0000000797600000,0x0000000797600000,0x0000000797b00000)
 ParOldGen       total 87552K, used 32K [0x0000000740000000, 0x0000000745580000, 0x0000000795580000)
  object space 87552K, 0% used [0x0000000740000000,0x0000000740008000,0x0000000745580000)
 Metaspace       used 6914K, capacity 7043K, committed 7168K, reserved 1056768K
  class space    used 677K, capacity 760K, committed 768K, reserved 1048576K
}
Event: 2234.656 GC heap before
{Heap before GC invocations=3 (full 0):
 PSYoungGen      total 38400K, used 34624K [0x0000000795580000, 0x0000000798000000, 0x00000007c0000000)
  eden space 33280K, 100% used [0x0000000795580000,0x0000000797600000,0x0000000797600000)
  from space 5120K, 26% used [0x0000000797b00000,0x0000000797c50020,0x0000000798000000)
  to   space 5120K, 0% used [0x0000000797600000,0x0000000797600000,0x0000000797b00000)
 ParOldGen       total 87552K, used 32K [0x0000000740000000, 0x0000000745580000, 0x0000000795580000)
  object space 87552K, 0% used [0x0000000740000000,0x0000000740008000,0x0000000745580000)
 Metaspace       used 6914K, capacity 7043K, committed 7168K, reserved 1056768K
  class space    used 677K, capacity 760K, committed 768K, reserved 1048576K
Event: 2234.667 GC heap after
Heap after GC invocations=3 (full 0):
 PSYoungGen      total 38400K, used 1328K [0x0000000795580000, 0x0000000798000000, 0x00000007c0000000)
  eden space 33280K, 0% used [0x0000000795580000,0x0000000795580000,0x0000000797600000)
  from space 5120K, 25% used [0x0000000797600000,0x000000079774c010,0x0000000797b00000)
  to   space 5120K, 0% used [0x0000000797b00000,0x0000000797b00000,0x0000000798000000)
 ParOldGen       total 87552K, used 32K [0x0000000740000000, 0x0000000745580000, 0x0000000795580000)
  object space 87552K, 0% used [0x0000000740000000,0x0000000740008000,0x0000000745580000)
 Metaspace       used 6914K, capacity 7043K, committed 7168K, reserved 1056768K
  class space    used 677K, capacity 760K, committed 768K, reserved 1048576K
}
Event: 3246.181 GC heap before
{Heap before GC invocations=4 (full 0):
 PSYoungGen      total 38400K, used 34608K [0x0000000795580000, 0x0000000798000000, 0x00000007c0000000)
  eden space 33280K, 100% used [0x0000000795580000,0x0000000797600000,0x0000000797600000)
  from space 5120K, 25% used [0x0000000797600000,0x000000079774c010,0x0000000797b00000)
  to   space 5120K, 0% used [0x0000000797b00000,0x0000000797b00000,0x0000000798000000)
 ParOldGen       total 87552K, used 32K [0x0000000740000000, 0x0000000745580000, 0x0000000795580000)
  object space 87552K, 0% used [0x0000000740000000,0x0000000740008000,0x0000000745580000)
 Metaspace       used 6914K, capacity 7043K, committed 7168K, reserved 1056768K
  class space    used 677K, capacity 760K, committed 768K, reserved 1048576K
Event: 3246.191 GC heap after
Heap after GC invocations=4 (full 0):
 PSYoungGen      total 38400K, used 1152K [0x0000000795580000, 0x0000000798000000, 0x00000007c0000000)
  eden space 33280K, 0% used [0x0000000795580000,0x0000000795580000,0x0000000797600000)
  from space 5120K, 22% used [0x0000000797b00000,0x0000000797c20000,0x0000000798000000)
  to   space 5120K, 0% used [0x0000000797600000,0x0000000797600000,0x0000000797b00000)
 ParOldGen       total 87552K, used 40K [0x0000000740000000, 0x0000000745580000, 0x0000000795580000)
  object space 87552K, 0% used [0x0000000740000000,0x000000074000a000,0x0000000745580000)
 Metaspace       used 6914K, capacity 7043K, committed 7168K, reserved 1056768K
  class space    used 677K, capacity 760K, committed 768K, reserved 1048576K
}
Event: 4258.662 GC heap before
{Heap before GC invocations=5 (full 0):
 PSYoungGen      total 38400K, used 34432K [0x0000000795580000, 0x0000000798000000, 0x00000007c0000000)
  eden space 33280K, 100% used [0x0000000795580000,0x0000000797600000,0x0000000797600000)
  from space 5120K, 22% used [0x0000000797b00000,0x0000000797c20000,0x0000000798000000)
  to   space 5120K, 0% used [0x0000000797600000,0x0000000797600000,0x0000000797b00000)
 ParOldGen       total 87552K, used 40K [0x0000000740000000, 0x0000000745580000, 0x0000000795580000)
  object space 87552K, 0% used [0x0000000740000000,0x000000074000a000,0x0000000745580000)
 Metaspace       used 6914K, capacity 7043K, committed 7168K, reserved 1056768K
  class space    used 677K, capacity 760K, committed 768K, reserved 1048576K
Event: 4258.668 GC heap after
Heap after GC invocations=5 (full 0):
 PSYoungGen      total 34304K, used 1152K [0x0000000795580000, 0x0000000797b80000, 0x00000007c0000000)
  eden space 32768K, 0% used [0x0000000795580000,0x0000000795580000,0x0000000797580000)
  from space 1536K, 75% used [0x0000000797600000,0x0000000797720000,0x0000000797780000)
  to   space 2048K, 0% used [0x0000000797980000,0x0000000797980000,0x0000000797b80000)
 ParOldGen       total 87552K, used 40K [0x0000000740000000, 0x0000000745580000, 0x0000000795580000)
  object space 87552K, 0% used [0x0000000740000000,0x000000074000a000,0x0000000745580000)
 Metaspace       used 6914K, capacity 7043K, committed 7168K, reserved 1056768K
  class space    used 677K, capacity 760K, committed 768K, reserved 1048576K
}

Deoptimization events (10 events):
Event: 1.014 Thread 0x00007fb1d9804000 Uncommon trap: reason=unstable_if action=reinterpret pc=0x0000000106b85218 method=java.lang.String.replace(CC)Ljava/lang/String; @ 26
Event: 1.083 Thread 0x00007fb1d9804000 Uncommon trap: reason=unstable_if action=reinterpret pc=0x0000000106c1ff30 method=sun.misc.FloatingDecimal.readJavaFormatString(Ljava/lang/String;)Lsun/misc/FloatingDecimal$ASCIIToBinaryConverter; @ 327
Event: 1.083 Thread 0x00007fb1d9804000 Uncommon trap: reason=unstable_if action=reinterpret pc=0x0000000106c10508 method=sun.misc.FloatingDecimal$ASCIIToBinaryBuffer.floatValue()F @ 190
Event: 1.093 Thread 0x00007fb1d9804000 Uncommon trap: reason=predicate action=maybe_recompile pc=0x0000000106c2c7a8 method=java.util.AbstractCollection.toArray([Ljava/lang/Object;)[Ljava/lang/Object; @ 49
Event: 1.114 Thread 0x00007fb1d9804000 Uncommon trap: reason=array_check action=maybe_recompile pc=0x0000000106c0f0d8 method=java.util.AbstractCollection.toArray([Ljava/lang/Object;)[Ljava/lang/Object; @ 119
Event: 1.114 Thread 0x00007fb1d9804000 Uncommon trap: reason=array_check action=maybe_recompile pc=0x0000000106c0f0d8 method=java.util.AbstractCollection.toArray([Ljava/lang/Object;)[Ljava/lang/Object; @ 119
Event: 1.114 Thread 0x00007fb1d9804000 Uncommon trap: reason=array_check action=maybe_recompile pc=0x0000000106c0f0d8 method=java.util.AbstractCollection.toArray([Ljava/lang/Object;)[Ljava/lang/Object; @ 119
Event: 1.114 Thread 0x00007fb1d9804000 Uncommon trap: reason=array_check action=maybe_recompile pc=0x0000000106c0f0d8 method=java.util.AbstractCollection.toArray([Ljava/lang/Object;)[Ljava/lang/Object; @ 119
Event: 5146.264 Thread 0x00007fb1d9804000 Uncommon trap: reason=unstable_if action=reinterpret pc=0x0000000106cd1e3c method=org.lwjgl.opengl.EventQueue.copyEvents(Ljava/nio/ByteBuffer;)V @ 27
Event: 5147.280 Thread 0x00007fb1d9804000 Uncommon trap: reason=unstable_if action=reinterpret pc=0x0000000106d04170 method=engineTester.MainGameLoop.main([Ljava/lang/String;)V @ 981

Internal exceptions (10 events):
Event: 0.029 Thread 0x00007fb1d9804000 Exception <a 'java/lang/NoSuchMethodError': Method sun.misc.Unsafe.prefetchRead(Ljava/lang/Object;J)V name or signature does not match> (0x0000000795587fa8) thrown at [/Users/java_re/workspace/8-2-build-macosx-x86_64/jdk8u91/6644/hotspot/src/share/vm/prim
Event: 0.127 Thread 0x00007fb1d9804000 Exception <a 'java/security/PrivilegedActionException'> (0x000000079577d180) thrown at [/Users/java_re/workspace/8-2-build-macosx-x86_64/jdk8u91/6644/hotspot/src/share/vm/prims/jvm.cpp, line 1386]
Event: 0.127 Thread 0x00007fb1d9804000 Exception <a 'java/security/PrivilegedActionException'> (0x000000079577d390) thrown at [/Users/java_re/workspace/8-2-build-macosx-x86_64/jdk8u91/6644/hotspot/src/share/vm/prims/jvm.cpp, line 1386]
Event: 0.127 Thread 0x00007fb1d9804000 Exception <a 'java/security/PrivilegedActionException'> (0x0000000795780818) thrown at [/Users/java_re/workspace/8-2-build-macosx-x86_64/jdk8u91/6644/hotspot/src/share/vm/prims/jvm.cpp, line 1386]
Event: 0.127 Thread 0x00007fb1d9804000 Exception <a 'java/security/PrivilegedActionException'> (0x0000000795780a28) thrown at [/Users/java_re/workspace/8-2-build-macosx-x86_64/jdk8u91/6644/hotspot/src/share/vm/prims/jvm.cpp, line 1386]
Event: 0.178 Thread 0x00007fb1d9804000 Exception <a 'java/lang/NoSuchFieldError': method resolution failed> (0x000000079584e258) thrown at [/Users/java_re/workspace/8-2-build-macosx-x86_64/jdk8u91/6644/hotspot/src/share/vm/prims/methodHandles.cpp, line 1146]
Event: 0.184 Thread 0x00007fb1d9804000 Exception <a 'java/lang/NoSuchFieldError': method resolution failed> (0x000000079585b9a8) thrown at [/Users/java_re/workspace/8-2-build-macosx-x86_64/jdk8u91/6644/hotspot/src/share/vm/prims/methodHandles.cpp, line 1146]
Event: 0.571 Thread 0x00007fb1d9804000 Exception <a 'java/io/FileNotFoundException'> (0x00000007958d66a0) thrown at [/Users/java_re/workspace/8-2-build-macosx-x86_64/jdk8u91/6644/hotspot/src/share/vm/prims/jni.cpp, line 709]
Event: 0.572 Thread 0x00007fb1d9804000 Exception <a 'java/io/FileNotFoundException'> (0x00000007958d7230) thrown at [/Users/java_re/workspace/8-2-build-macosx-x86_64/jdk8u91/6644/hotspot/src/share/vm/prims/jni.cpp, line 709]
Event: 1.150 Thread 0x00007fb1d9804000 Exception <a 'java/lang/ArrayIndexOutOfBoundsException'> (0x0000000796cefbf8) thrown at [/Users/java_re/workspace/8-2-build-macosx-x86_64/jdk8u91/6644/hotspot/src/share/vm/runtime/sharedRuntime.cpp, line 605]

Events (10 events):
Event: 5126.572 Executing VM operation: RevokeBias
Event: 5126.572 Executing VM operation: RevokeBias done
Event: 5126.572 Thread 0x00007fb1d9113000 Thread exited: 0x00007fb1d9113000
Event: 5145.033 Thread 0x00007fb1da24e800 Thread added: 0x00007fb1da24e800
Event: 5146.264 Thread 0x00007fb1d9804000 Uncommon trap: trap_request=0xffffff65 fr.pc=0x0000000106cd1e3c
Event: 5146.265 Thread 0x00007fb1d9804000 DEOPT PACKING pc=0x0000000106cd1e3c sp=0x00007000002197f0
Event: 5146.265 Thread 0x00007fb1d9804000 DEOPT UNPACKING pc=0x00000001069ed229 sp=0x00007000002197a8 mode 2
Event: 5147.280 Thread 0x00007fb1d9804000 Uncommon trap: trap_request=0xffffff65 fr.pc=0x0000000106d04170
Event: 5147.280 Thread 0x00007fb1d9804000 DEOPT PACKING pc=0x0000000106d04170 sp=0x00007000002198c0
Event: 5147.280 Thread 0x00007fb1d9804000 DEOPT UNPACKING pc=0x00000001069ed229 sp=0x0000700000219880 mode 2


Dynamic libraries:
0x00000000010ea000 	/System/Library/Frameworks/Cocoa.framework/Versions/A/Cocoa
0x00000000010ea000 	/System/Library/Frameworks/Security.framework/Versions/A/Security
0x00000000010ea000 	/System/Library/Frameworks/ApplicationServices.framework/Versions/A/ApplicationServices
0x00000000010ea000 	/usr/lib/libz.1.dylib
0x00000000010ea000 	/usr/lib/libSystem.B.dylib
0x00000000010ea000 	/usr/lib/libobjc.A.dylib
0x00000000010ea000 	/System/Library/Frameworks/CoreFoundation.framework/Versions/A/CoreFoundation
0x00000000010ea000 	/System/Library/Frameworks/Foundation.framework/Versions/C/Foundation
0x00000000010ea000 	/System/Library/Frameworks/AppKit.framework/Versions/C/AppKit
0x00000000010ea000 	/System/Library/Frameworks/CoreData.framework/Versions/A/CoreData
0x00000000010ea000 	/System/Library/PrivateFrameworks/RemoteViewServices.framework/Versions/A/RemoteViewServices
0x00000000010ea000 	/System/Library/PrivateFrameworks/UIFoundation.framework/Versions/A/UIFoundation
0x00000000010ea000 	/usr/lib/libScreenReader.dylib
0x00000000010ea000 	/System/Library/Frameworks/Accelerate.framework/Versions/A/Accelerate
0x00000000010ea000 	/System/Library/Frameworks/IOSurface.framework/Versions/A/IOSurface
0x00000000010ea000 	/System/Library/Frameworks/AudioToolbox.framework/Versions/A/AudioToolbox
0x00000000010ea000 	/System/Library/Frameworks/AudioUnit.framework/Versions/A/AudioUnit
0x00000000010ea000 	/System/Library/PrivateFrameworks/DataDetectorsCore.framework/Versions/A/DataDetectorsCore
0x00000000010ea000 	/System/Library/PrivateFrameworks/DesktopServicesPriv.framework/Versions/A/DesktopServicesPriv
0x00000000010ea000 	/System/Library/Frameworks/Carbon.framework/Versions/A/Frameworks/HIToolbox.framework/Versions/A/HIToolbox
0x00000000010ea000 	/System/Library/Frameworks/QuartzCore.framework/Versions/A/QuartzCore
0x00000000010ea000 	/System/Library/Frameworks/Carbon.framework/Versions/A/Frameworks/SpeechRecognition.framework/Versions/A/SpeechRecognition
0x00000000010ea000 	/usr/lib/libauto.dylib
0x00000000010ea000 	/usr/lib/libicucore.A.dylib
0x00000000010ea000 	/usr/lib/libxml2.2.dylib
0x00000000010ea000 	/System/Library/PrivateFrameworks/CoreUI.framework/Versions/A/CoreUI
0x00000000010ea000 	/System/Library/Frameworks/CoreAudio.framework/Versions/A/CoreAudio
0x00000000010ea000 	/System/Library/Frameworks/DiskArbitration.framework/Versions/A/DiskArbitration
0x00000000010ea000 	/usr/lib/liblangid.dylib
0x00000000010ea000 	/System/Library/PrivateFrameworks/MultitouchSupport.framework/Versions/A/MultitouchSupport
0x00000000010ea000 	/System/Library/Frameworks/IOKit.framework/Versions/A/IOKit
0x00000000010ea000 	/usr/lib/libDiagnosticMessagesClient.dylib
0x00000000010ea000 	/System/Library/Frameworks/CoreServices.framework/Versions/A/CoreServices
0x00000000010ea000 	/System/Library/PrivateFrameworks/PerformanceAnalysis.framework/Versions/A/PerformanceAnalysis
0x00000000010ea000 	/System/Library/PrivateFrameworks/GenerationalStorage.framework/Versions/A/GenerationalStorage
0x00000000010ea000 	/System/Library/Frameworks/OpenGL.framework/Versions/A/OpenGL
0x00000000010ea000 	/System/Library/PrivateFrameworks/Sharing.framework/Versions/A/Sharing
0x00000000010ea000 	/System/Library/Frameworks/CoreGraphics.framework/Versions/A/CoreGraphics
0x00000000010ea000 	/System/Library/Frameworks/CoreImage.framework/Versions/A/CoreImage
0x00000000010ea000 	/System/Library/Frameworks/CoreText.framework/Versions/A/CoreText
0x00000000010ea000 	/System/Library/Frameworks/ImageIO.framework/Versions/A/ImageIO
0x00000000010ea000 	/System/Library/PrivateFrameworks/Backup.framework/Versions/A/Backup
0x00000000010ea000 	/usr/lib/libextension.dylib
0x00000000010ea000 	/usr/lib/libarchive.2.dylib
0x00000000010ea000 	/System/Library/Frameworks/CFNetwork.framework/Versions/A/CFNetwork
0x00000000010ea000 	/System/Library/Frameworks/SystemConfiguration.framework/Versions/A/SystemConfiguration
0x00000000010ea000 	/usr/lib/libCRFSuite.dylib
0x00000000010ea000 	/usr/lib/libc++.1.dylib
0x00000000010ea000 	/usr/lib/libc++abi.dylib
0x00000000010ea000 	/usr/lib/system/libcache.dylib
0x00000000010ea000 	/usr/lib/system/libcommonCrypto.dylib
0x00000000010ea000 	/usr/lib/system/libcompiler_rt.dylib
0x00000000010ea000 	/usr/lib/system/libcopyfile.dylib
0x00000000010ea000 	/usr/lib/system/libcorecrypto.dylib
0x00000000010ea000 	/usr/lib/system/libdispatch.dylib
0x00000000010ea000 	/usr/lib/system/libdyld.dylib
0x00000000010ea000 	/usr/lib/system/libkeymgr.dylib
0x00000000010ea000 	/usr/lib/system/liblaunch.dylib
0x00000000010ea000 	/usr/lib/system/libmacho.dylib
0x00000000010ea000 	/usr/lib/system/libquarantine.dylib
0x00000000010ea000 	/usr/lib/system/libremovefile.dylib
0x00000000010ea000 	/usr/lib/system/libsystem_asl.dylib
0x00000000010ea000 	/usr/lib/system/libsystem_blocks.dylib
0x00000000010ea000 	/usr/lib/system/libsystem_c.dylib
0x00000000010ea000 	/usr/lib/system/libsystem_configuration.dylib
0x00000000010ea000 	/usr/lib/system/libsystem_coreservices.dylib
0x00000000010ea000 	/usr/lib/system/libsystem_coretls.dylib
0x00000000010ea000 	/usr/lib/system/libsystem_dnssd.dylib
0x00000000010ea000 	/usr/lib/system/libsystem_info.dylib
0x00000000010ea000 	/usr/lib/system/libsystem_kernel.dylib
0x00000000010ea000 	/usr/lib/system/libsystem_m.dylib
0x00000000010ea000 	/usr/lib/system/libsystem_malloc.dylib
0x00000000010ea000 	/usr/lib/system/libsystem_network.dylib
0x00000000010ea000 	/usr/lib/system/libsystem_networkextension.dylib
0x00000000010ea000 	/usr/lib/system/libsystem_notify.dylib
0x00000000010ea000 	/usr/lib/system/libsystem_platform.dylib
0x00000000010ea000 	/usr/lib/system/libsystem_pthread.dylib
0x00000000010ea000 	/usr/lib/system/libsystem_sandbox.dylib
0x00000000010ea000 	/usr/lib/system/libsystem_secinit.dylib
0x00000000010ea000 	/usr/lib/system/libsystem_trace.dylib
0x00000000010ea000 	/usr/lib/system/libunc.dylib
0x00000000010ea000 	/usr/lib/system/libunwind.dylib
0x00000000010ea000 	/usr/lib/system/libxpc.dylib
0x00000000010ea000 	/usr/lib/libenergytrace.dylib
0x00000000010ea000 	/usr/lib/libbsm.0.dylib
0x00000000010ea000 	/usr/lib/system/libkxld.dylib
0x00000000010ea000 	/usr/lib/libxar.1.dylib
0x00000000010ea000 	/usr/lib/libsqlite3.dylib
0x00000000010ea000 	/usr/lib/libpam.2.dylib
0x00000000010ea000 	/usr/lib/libOpenScriptingUtil.dylib
0x00000000010ea000 	/usr/lib/libbz2.1.0.dylib
0x00000000010ea000 	/usr/lib/liblzma.5.dylib
0x00000000010ea000 	/System/Library/Frameworks/CoreServices.framework/Versions/A/Frameworks/FSEvents.framework/Versions/A/FSEvents
0x00000000010ea000 	/System/Library/Frameworks/CoreServices.framework/Versions/A/Frameworks/CarbonCore.framework/Versions/A/CarbonCore
0x00000000010ea000 	/System/Library/Frameworks/CoreServices.framework/Versions/A/Frameworks/Metadata.framework/Versions/A/Metadata
0x00000000010ea000 	/System/Library/Frameworks/CoreServices.framework/Versions/A/Frameworks/OSServices.framework/Versions/A/OSServices
0x00000000010ea000 	/System/Library/Frameworks/CoreServices.framework/Versions/A/Frameworks/SearchKit.framework/Versions/A/SearchKit
0x00000000010ea000 	/System/Library/Frameworks/CoreServices.framework/Versions/A/Frameworks/AE.framework/Versions/A/AE
0x00000000010ea000 	/System/Library/Frameworks/CoreServices.framework/Versions/A/Frameworks/LaunchServices.framework/Versions/A/LaunchServices
0x00000000010ea000 	/System/Library/Frameworks/CoreServices.framework/Versions/A/Frameworks/DictionaryServices.framework/Versions/A/DictionaryServices
0x00000000010ea000 	/System/Library/Frameworks/CoreServices.framework/Versions/A/Frameworks/SharedFileList.framework/Versions/A/SharedFileList
0x00000000010ea000 	/System/Library/Frameworks/NetFS.framework/Versions/A/NetFS
0x00000000010ea000 	/System/Library/PrivateFrameworks/NetAuth.framework/Versions/A/NetAuth
0x00000000010ea000 	/System/Library/PrivateFrameworks/login.framework/Versions/A/Frameworks/loginsupport.framework/Versions/A/loginsupport
0x00000000010ea000 	/System/Library/PrivateFrameworks/TCC.framework/Versions/A/TCC
0x00000000010ea000 	/usr/lib/libmecabra.dylib
0x00000000010ea000 	/System/Library/Frameworks/ApplicationServices.framework/Versions/A/Frameworks/ATS.framework/Versions/A/ATS
0x00000000010ea000 	/System/Library/Frameworks/ApplicationServices.framework/Versions/A/Frameworks/ColorSync.framework/Versions/A/ColorSync
0x00000000010ea000 	/System/Library/Frameworks/ApplicationServices.framework/Versions/A/Frameworks/HIServices.framework/Versions/A/HIServices
0x00000000010ea000 	/System/Library/Frameworks/ApplicationServices.framework/Versions/A/Frameworks/LangAnalysis.framework/Versions/A/LangAnalysis
0x00000000010ea000 	/System/Library/Frameworks/ApplicationServices.framework/Versions/A/Frameworks/PrintCore.framework/Versions/A/PrintCore
0x00000000010ea000 	/System/Library/Frameworks/ApplicationServices.framework/Versions/A/Frameworks/QD.framework/Versions/A/QD
0x00000000010ea000 	/System/Library/Frameworks/ApplicationServices.framework/Versions/A/Frameworks/SpeechSynthesis.framework/Versions/A/SpeechSynthesis
0x00000000010ea000 	/System/Library/Frameworks/Metal.framework/Versions/A/Metal
0x00000000010ea000 	/System/Library/Frameworks/Accelerate.framework/Versions/A/Frameworks/vImage.framework/Versions/A/vImage
0x00000000010ea000 	/System/Library/Frameworks/Accelerate.framework/Versions/A/Frameworks/vecLib.framework/Versions/A/vecLib
0x00000000010ea000 	/System/Library/Frameworks/Accelerate.framework/Versions/A/Frameworks/vecLib.framework/Versions/A/libvDSP.dylib
0x00000000010ea000 	/System/Library/Frameworks/Accelerate.framework/Versions/A/Frameworks/vecLib.framework/Versions/A/libvMisc.dylib
0x00000000010ea000 	/System/Library/Frameworks/Accelerate.framework/Versions/A/Frameworks/vecLib.framework/Versions/A/libLAPACK.dylib
0x00000000010ea000 	/System/Library/Frameworks/Accelerate.framework/Versions/A/Frameworks/vecLib.framework/Versions/A/libBLAS.dylib
0x00000000010ea000 	/System/Library/Frameworks/Accelerate.framework/Versions/A/Frameworks/vecLib.framework/Versions/A/libLinearAlgebra.dylib
0x00000000010ea000 	/System/Library/Frameworks/Accelerate.framework/Versions/A/Frameworks/vecLib.framework/Versions/A/libSparseBLAS.dylib
0x00000000010ea000 	/System/Library/PrivateFrameworks/GPUCompiler.framework/libmetal_timestamp.dylib
0x00000000010ea000 	/System/Library/Frameworks/OpenGL.framework/Versions/A/Libraries/libCoreFSCache.dylib
0x00000000010ea000 	/System/Library/PrivateFrameworks/IOAccelerator.framework/Versions/A/IOAccelerator
0x00000000010ea000 	/System/Library/Frameworks/ApplicationServices.framework/Versions/A/Frameworks/ATS.framework/Versions/A/Resources/libFontParser.dylib
0x00000000010ea000 	/System/Library/Frameworks/ApplicationServices.framework/Versions/A/Frameworks/ATS.framework/Versions/A/Resources/libFontRegistry.dylib
0x00000000010ea000 	/System/Library/PrivateFrameworks/AppleVPA.framework/Versions/A/AppleVPA
0x00000000010ea000 	/System/Library/PrivateFrameworks/AppleJPEG.framework/Versions/A/AppleJPEG
0x00000000010ea000 	/System/Library/Frameworks/ImageIO.framework/Versions/A/Resources/libJPEG.dylib
0x00000000010ea000 	/System/Library/Frameworks/ImageIO.framework/Versions/A/Resources/libTIFF.dylib
0x00000000010ea000 	/System/Library/Frameworks/ImageIO.framework/Versions/A/Resources/libPng.dylib
0x00000000010ea000 	/System/Library/Frameworks/ImageIO.framework/Versions/A/Resources/libGIF.dylib
0x00000000010ea000 	/System/Library/Frameworks/ImageIO.framework/Versions/A/Resources/libJP2.dylib
0x00000000010ea000 	/System/Library/Frameworks/ImageIO.framework/Versions/A/Resources/libRadiance.dylib
0x00000000010ea000 	/System/Library/Frameworks/CoreVideo.framework/Versions/A/CoreVideo
0x00000000010ea000 	/System/Library/Frameworks/OpenGL.framework/Versions/A/Libraries/libGLU.dylib
0x00000000010ea000 	/System/Library/Frameworks/OpenGL.framework/Versions/A/Libraries/libGFXShared.dylib
0x00000000010ea000 	/System/Library/Frameworks/OpenGL.framework/Versions/A/Libraries/libGL.dylib
0x00000000010ea000 	/System/Library/Frameworks/OpenGL.framework/Versions/A/Libraries/libGLImage.dylib
0x00000000010ea000 	/System/Library/Frameworks/OpenGL.framework/Versions/A/Libraries/libCVMSPluginSupport.dylib
0x00000000010ea000 	/System/Library/Frameworks/OpenGL.framework/Versions/A/Libraries/libCoreVMClient.dylib
0x00000000010ea000 	/usr/lib/libcompression.dylib
0x00000000010ea000 	/usr/lib/libcups.2.dylib
0x00000000010ea000 	/System/Library/Frameworks/Kerberos.framework/Versions/A/Kerberos
0x00000000010ea000 	/System/Library/Frameworks/GSS.framework/Versions/A/GSS
0x00000000010ea000 	/usr/lib/libresolv.9.dylib
0x00000000010ea000 	/usr/lib/libiconv.2.dylib
0x00000000010ea000 	/System/Library/PrivateFrameworks/Heimdal.framework/Versions/A/Heimdal
0x00000000010ea000 	/usr/lib/libheimdal-asn1.dylib
0x00000000010ea000 	/System/Library/Frameworks/OpenDirectory.framework/Versions/A/OpenDirectory
0x00000000010ea000 	/System/Library/PrivateFrameworks/CommonAuth.framework/Versions/A/CommonAuth
0x00000000010ea000 	/System/Library/Frameworks/OpenDirectory.framework/Versions/A/Frameworks/CFOpenDirectory.framework/Versions/A/CFOpenDirectory
0x00000000010ea000 	/System/Library/Frameworks/SecurityFoundation.framework/Versions/A/SecurityFoundation
0x00000000010ea000 	/System/Library/PrivateFrameworks/LanguageModeling.framework/Versions/A/LanguageModeling
0x00000000010ea000 	/usr/lib/libmarisa.dylib
0x00000000010ea000 	/usr/lib/libChineseTokenizer.dylib
0x00000000010ea000 	/usr/lib/libcmph.dylib
0x00000000010ea000 	/System/Library/Frameworks/ServiceManagement.framework/Versions/A/ServiceManagement
0x00000000010ea000 	/usr/lib/libxslt.1.dylib
0x00000000010ea000 	/System/Library/Frameworks/Carbon.framework/Versions/A/Frameworks/Ink.framework/Versions/A/Ink
0x00000000010ea000 	/usr/lib/libFosl_dynamic.dylib
0x00000000010ea000 	/System/Library/PrivateFrameworks/FaceCore.framework/Versions/A/FaceCore
0x00000000010ea000 	/System/Library/Frameworks/OpenCL.framework/Versions/A/OpenCL
0x00000000010ea000 	/System/Library/PrivateFrameworks/CrashReporterSupport.framework/Versions/A/CrashReporterSupport
0x00000000010ea000 	/System/Library/PrivateFrameworks/IconServices.framework/Versions/A/IconServices
0x00000000010ea000 	/System/Library/PrivateFrameworks/Apple80211.framework/Versions/A/Apple80211
0x00000000010ea000 	/System/Library/Frameworks/CoreWLAN.framework/Versions/A/CoreWLAN
0x00000000010ea000 	/System/Library/Frameworks/IOBluetooth.framework/Versions/A/IOBluetooth
0x00000000010ea000 	/System/Library/PrivateFrameworks/CoreWiFi.framework/Versions/A/CoreWiFi
0x00000000010ea000 	/System/Library/Frameworks/CoreBluetooth.framework/Versions/A/CoreBluetooth
0x00000000010ea000 	/System/Library/PrivateFrameworks/ChunkingLibrary.framework/Versions/A/ChunkingLibrary
0x00000000010ea000 	/System/Library/PrivateFrameworks/DebugSymbols.framework/Versions/A/DebugSymbols
0x00000000010ea000 	/System/Library/PrivateFrameworks/CoreSymbolication.framework/Versions/A/CoreSymbolication
0x00000000010ea000 	/System/Library/PrivateFrameworks/Symbolication.framework/Versions/A/Symbolication
0x00000000010ea000 	/System/Library/PrivateFrameworks/SpeechRecognitionCore.framework/Versions/A/SpeechRecognitionCore
0x0000000105a00000 	/Library/Java/JavaVirtualMachines/jdk1.8.0_91.jdk/Contents/Home/jre/lib/server/libjvm.dylib
0x00000000010ea000 	/usr/lib/libstdc++.6.dylib
0x0000000106994000 	/Library/Java/JavaVirtualMachines/jdk1.8.0_91.jdk/Contents/Home/jre/lib/libverify.dylib
0x00000001069a2000 	/Library/Java/JavaVirtualMachines/jdk1.8.0_91.jdk/Contents/Home/jre/lib/libjava.dylib
0x00000001069df000 	/Library/Java/JavaVirtualMachines/jdk1.8.0_91.jdk/Contents/Home/jre/lib/libzip.dylib
0x000000011c34a000 	/System/Library/Frameworks/JavaVM.framework/Frameworks/JavaRuntimeSupport.framework/JavaRuntimeSupport
0x000000011c365000 	/System/Library/Frameworks/JavaVM.framework/Versions/A/Frameworks/JavaNativeFoundation.framework/Versions/A/JavaNativeFoundation
0x000000011c37a000 	/System/Library/Frameworks/JavaVM.framework/Versions/A/JavaVM
0x00000000010ea000 	/System/Library/Frameworks/Carbon.framework/Versions/A/Carbon
0x000000011c387000 	/System/Library/PrivateFrameworks/JavaLaunching.framework/Versions/A/JavaLaunching
0x00000000010ea000 	/System/Library/Frameworks/Carbon.framework/Versions/A/Frameworks/CommonPanels.framework/Versions/A/CommonPanels
0x00000000010ea000 	/System/Library/Frameworks/Carbon.framework/Versions/A/Frameworks/Help.framework/Versions/A/Help
0x00000000010ea000 	/System/Library/Frameworks/Carbon.framework/Versions/A/Frameworks/ImageCapture.framework/Versions/A/ImageCapture
0x00000000010ea000 	/System/Library/Frameworks/Carbon.framework/Versions/A/Frameworks/OpenScripting.framework/Versions/A/OpenScripting
0x00000000010ea000 	/System/Library/Frameworks/Carbon.framework/Versions/A/Frameworks/Print.framework/Versions/A/Print
0x00000000010ea000 	/System/Library/Frameworks/Carbon.framework/Versions/A/Frameworks/SecurityHI.framework/Versions/A/SecurityHI
0x000000011dcc8000 	/Library/Java/JavaVirtualMachines/jdk1.8.0_91.jdk/Contents/Home/jre/lib/libawt.dylib
0x000000011dd70000 	/Library/Java/JavaVirtualMachines/jdk1.8.0_91.jdk/Contents/Home/jre/lib/./libmlib_image.dylib
0x000000011de3c000 	/Library/Java/JavaVirtualMachines/jdk1.8.0_91.jdk/Contents/Home/jre/lib/libawt_lwawt.dylib
0x000000011def1000 	/Library/Java/JavaVirtualMachines/jdk1.8.0_91.jdk/Contents/Home/jre/lib/./libosxapp.dylib
0x00000000010ea000 	/System/Library/Frameworks/ExceptionHandling.framework/Versions/A/ExceptionHandling
0x00000000010ea000 	/System/Library/PrivateFrameworks/CoreServicesInternal.framework/Versions/A/CoreServicesInternal
0x00000000010ea000 	/System/Library/Frameworks/CoreGraphics.framework/Versions/A/Resources/libRIP.A.dylib
0x00000000010ea000 	/System/Library/Frameworks/Accelerate.framework/Versions/A/Frameworks/vImage.framework/Versions/A/Libraries/libCGInterfaces.dylib
0x00000000010ea000 	/System/Library/Frameworks/CoreGraphics.framework/Versions/A/Resources/libCGXType.A.dylib
0x00000000010ea000 	/System/Library/Frameworks/OpenCL.framework/Versions/A/Libraries/libcldcpuengine.dylib
0x00000000010ea000 	/System/Library/PrivateFrameworks/DiskImages.framework/Versions/A/DiskImages
0x00000000010ea000 	/System/Library/Frameworks/DiscRecording.framework/Versions/A/DiscRecording
0x00000000010ea000 	/usr/lib/libcsfde.dylib
0x00000000010ea000 	/usr/lib/libcurl.4.dylib
0x00000000010ea000 	/System/Library/PrivateFrameworks/MediaKit.framework/Versions/A/MediaKit
0x00000000010ea000 	/System/Library/PrivateFrameworks/ProtectedCloudStorage.framework/Versions/A/ProtectedCloudStorage
0x00000000010ea000 	/usr/lib/libCoreStorage.dylib
0x00000000010ea000 	/System/Library/PrivateFrameworks/EFILogin.framework/Versions/A/EFILogin
0x00000000010ea000 	/usr/lib/libutil.dylib
0x00000000010ea000 	/System/Library/PrivateFrameworks/FindMyDevice.framework/Versions/A/FindMyDevice
0x00000000010ea000 	/System/Library/Frameworks/LDAP.framework/Versions/A/LDAP
0x00000000010ea000 	/usr/lib/libsasl2.2.dylib
0x00000000010ea000 	/System/Library/PrivateFrameworks/CoreDaemon.framework/Versions/B/CoreDaemon
0x00000000010ea000 	/usr/lib/libcrypto.0.9.8.dylib
0x00000000010ea000 	/System/Library/PrivateFrameworks/AppleSRP.framework/Versions/A/AppleSRP
0x00000000010ea000 	/System/Library/PrivateFrameworks/TrustEvaluationAgent.framework/Versions/A/TrustEvaluationAgent
0x00000001200a6000 	cl_kernels
0x00000000010ea000 	/System/Library/Frameworks/OpenCL.framework/Versions/A/Libraries/ImageFormats/unorm8_bgra.dylib
0x00000000010ea000 	/System/Library/Frameworks/OpenCL.framework/Versions/A/Libraries/ImageFormats/unorm8_rgba.dylib
0x00000000010ea000 	/System/Library/PrivateFrameworks/FamilyControls.framework/Versions/A/FamilyControls
0x00000000010ea000 	/System/Library/PrivateFrameworks/CommerceKit.framework/Versions/A/Frameworks/CommerceCore.framework/Versions/A/CommerceCore
0x00000000010ea000 	/System/Library/PrivateFrameworks/SystemAdministration.framework/Versions/A/SystemAdministration
0x00000000010ea000 	/System/Library/PrivateFrameworks/AppContainer.framework/Versions/A/AppContainer
0x00000000010ea000 	/System/Library/PrivateFrameworks/SecCodeWrapper.framework/Versions/A/SecCodeWrapper
0x00000000010ea000 	/System/Library/Frameworks/DirectoryService.framework/Versions/A/DirectoryService
0x00000000010ea000 	/System/Library/PrivateFrameworks/LoginUIKit.framework/Versions/A/Frameworks/LoginUICore.framework/Versions/A/LoginUICore
0x00000000010ea000 	/usr/lib/libodfde.dylib
0x000000012121e000 	/Library/Java/JavaVirtualMachines/jdk1.8.0_91.jdk/Contents/Home/jre/lib/libfontmanager.dylib
0x0000000121285000 	/Users/patrykscheffler/Projects/chessGame/build/natives/osx/liblwjgl.jnilib
0x000000011f1b2000 	/Library/Java/JavaVirtualMachines/jdk1.8.0_91.jdk/Contents/Home/jre/lib/libjawt.dylib
0x00000000010ea000 	/System/Library/Frameworks/OpenGL.framework/Versions/A/Resources/GLEngine.bundle/GLEngine
0x00000000010ea000 	/System/Library/Frameworks/OpenGL.framework/Versions/A/Libraries/libGLProgrammability.dylib
0x0000000121304000 	/System/Library/Extensions/AppleIntelBDWGraphicsGLDriver.bundle/Contents/MacOS/AppleIntelBDWGraphicsGLDriver
0x00000000010ea000 	/System/Library/PrivateFrameworks/GPUSupport.framework/Versions/A/Libraries/libGPUSupportMercury.dylib
0x00000000010ea000 	/System/Library/Frameworks/OpenGL.framework/Versions/A/Resources/GLRendererFloat.bundle/GLRendererFloat

VM Arguments:
jvm_args: -Djava.library.path=/Users/patrykscheffler/Projects/chessGame/build/natives/osx -Dfile.encoding=UTF-8 -Duser.country=US -Duser.language=en -Duser.variant 
java_command: engineTester.MainGameLoop
java_class_path (initial): /Users/patrykscheffler/Projects/chessGame/build/classes/main:/Users/patrykscheffler/Projects/chessGame/build/resources/main:/Users/patrykscheffler/.gradle/caches/modules-2/files-2.1/org.lwjgl.lwjgl/lwjgl_util/2.9.3/751f06b62424da056954c67288fd5c494431e350/lwjgl_util-2.9.3.jar:/Users/patrykscheffler/.gradle/caches/modules-2/files-2.1/org.slick2d/slick2d-core/1.0.1/3e137d1b0ca3441c36530ae0d4efbaaeb32cb9d0/slick2d-core-1.0.1.jar:/Users/patrykscheffler/.gradle/caches/modules-2/files-2.1/net.java.jinput/jinput/2.0.5/39c7796b469a600f72380316f6b1f11db6c2c7c4/jinput-2.0.5.jar:/Users/patrykscheffler/.gradle/caches/modules-2/files-2.1/org.jcraft/jorbis/0.0.17/8872d22b293e8f5d7d56ff92be966e6dc28ebdc6/jorbis-0.0.17.jar:/Users/patrykscheffler/.gradle/caches/modules-2/files-2.1/org.lwjgl.lwjgl/lwjgl/2.9.3/3df168ac74e4a8c96562cdff24ad352e255bf89c/lwjgl-2.9.3.jar:/Users/patrykscheffler/.gradle/caches/modules-2/files-2.1/net.java.jutils/jutils/1.0.0/e12fe1fda814bd348c1579329c86943d2cd3c6a6/jutils-1.0.0.jar:/Users/patrykscheffler/.gradle/caches/modules-2/files-2.1/net.java.jinput/jinput-platform/2.0.5/7ff832a6eb9ab6a767f1ade2b548092d0fa64795/jinput-platform-2.0.5-natives-linux.jar:/Users/patrykscheffler/.gradle/caches/modules-2/files-2.1/net.java.jinput/jinput-platform/2.0.5/385ee093e01f587f30ee1c8a2ee7d408fd732e16/jinput-platform-2.0.5-natives-windows.jar:/Users/patrykscheffler/.gradle/caches/modules-2/files-2.1/net.java.jinput/jinput-platform/2.0.5/53f9c919f34d2ca9de8c51fc4e1e8282029a9232/jinput-platform-2.0.5-natives-osx.jar:/Users/patrykscheffler/.gradle/caches/modules-2/files-2.1/org.lwjgl.lwjgl/lwjgl-platform/2.9.3/fbc2afb3e288578e9942578decb6291a490549a0/lwjgl-platform-2.9.3-natives-windows.jar:/Users/patrykscheffler/.gradle/caches/modules-2/files-2.1/org.lwjgl.lwjgl/lwjgl-platform/2.9.3/b1eafe80093381c56415731e1d64279e6140bcd0/lwjgl-platform-2.9.3-natives-linux.jar:/Users/patrykscheffler/.gradle/caches/modules-2/files-2.1/org.lwjgl.lwjgl/lwjgl-pla
Launcher Type: SUN_STANDARD

Environment Variables:
PATH=/usr/bin:/bin:/usr/sbin:/sbin
SHELL=/bin/zsh

Signal Handlers:
SIGSEGV: [libjvm.dylib+0x5a97a1], sa_mask[0]=11111111011111110111111111111111, sa_flags=SA_ONSTACK|SA_RESTART|SA_SIGINFO
SIGBUS: [libjvm.dylib+0x5a97a1], sa_mask[0]=11111111011111110111111111111111, sa_flags=SA_RESTART|SA_SIGINFO
SIGFPE: [libjvm.dylib+0x482594], sa_mask[0]=11111111011111110111111111111111, sa_flags=SA_RESTART|SA_SIGINFO
SIGPIPE: [libjvm.dylib+0x482594], sa_mask[0]=11111111011111110111111111111111, sa_flags=SA_RESTART|SA_SIGINFO
SIGXFSZ: [libjvm.dylib+0x482594], sa_mask[0]=11111111011111110111111111111111, sa_flags=SA_RESTART|SA_SIGINFO
SIGILL: [libjvm.dylib+0x482594], sa_mask[0]=11111111011111110111111111111111, sa_flags=SA_RESTART|SA_SIGINFO
SIGUSR1: SIG_DFL, sa_mask[0]=00000000000000000000000000000000, sa_flags=none
SIGUSR2: [libjvm.dylib+0x4820b2], sa_mask[0]=00100000000000000000000000000000, sa_flags=SA_RESTART|SA_SIGINFO
SIGHUP: [libjvm.dylib+0x480689], sa_mask[0]=11111111011111110111111111111111, sa_flags=SA_RESTART|SA_SIGINFO
SIGINT: [libjvm.dylib+0x480689], sa_mask[0]=11111111011111110111111111111111, sa_flags=SA_RESTART|SA_SIGINFO
SIGTERM: [libjvm.dylib+0x480689], sa_mask[0]=11111111011111110111111111111111, sa_flags=SA_RESTART|SA_SIGINFO
SIGQUIT: [libjvm.dylib+0x480689], sa_mask[0]=11111111011111110111111111111111, sa_flags=SA_RESTART|SA_SIGINFO


---------------  S Y S T E M  ---------------

OS:Bsduname:Darwin 15.5.0 Darwin Kernel Version 15.5.0: Tue Apr 19 18:36:36 PDT 2016; root:xnu-3248.50.21~8/RELEASE_X86_64 x86_64
rlimit: STACK 8192k, CORE 0k, NPROC 709, NOFILE 10240, AS infinity
load average:2.17 2.19 2.36

CPU:total 4 (2 cores per cpu, 2 threads per core) family 6 model 61 stepping 4, cmov, cx8, fxsr, mmx, sse, sse2, sse3, ssse3, sse4.1, sse4.2, popcnt, avx, avx2, aes, clmul, erms, 3dnowpref, lzcnt, ht, tsc, tscinvbit, bmi1, bmi2, adx

Memory: 4k page, physical 8388608k(23636k free)

/proc/meminfo:


vm_info: Java HotSpot(TM) 64-Bit Server VM (25.91-b14) for bsd-amd64 JRE (1.8.0_91-b14), built on Apr  1 2016 01:03:00 by "java_re" with gcc 4.2.1 (Based on Apple Inc. build 5658) (LLVM build 2336.11.00)

time: Sat Jul 16 19:44:59 2016
elapsed time: 5147 seconds (0d 1h 25m 47s)

